<?xml version="1.0" encoding="UTF-8"?>
<testsuite xmlns:xsi="http://www.w3.org/2001/XMLSchema-instance" xsi:noNamespaceSchemaLocation="https://maven.apache.org/surefire/maven-surefire-plugin/xsd/surefire-test-report.xsd" version="3.0.2" name="TestSuite" time="33.519" tests="2" errors="0" skipped="0" failures="0">
  <properties>
    <property name="sun.desktop" value="windows"/>
    <property name="awt.toolkit" value="sun.awt.windows.WToolkit"/>
    <property name="java.specification.version" value="11"/>
    <property name="sun.cpu.isalist" value="amd64"/>
    <property name="sun.jnu.encoding" value="Cp1252"/>
    <property name="java.class.path" value="C:\My Workspaces\SeleniumWebdriver\Opencart\target\test-classes;C:\My Workspaces\SeleniumWebdriver\Opencart\target\classes;C:\Users\Admin\.m2\repository\com\aventstack\extentreports\5.1.2\extentreports-5.1.2.jar;C:\Users\Admin\.m2\repository\io\reactivex\rxjava3\rxjava\3.1.6\rxjava-3.1.6.jar;C:\Users\Admin\.m2\repository\org\reactivestreams\reactive-streams\1.0.4\reactive-streams-1.0.4.jar;C:\Users\Admin\.m2\repository\org\freemarker\freemarker\2.3.32\freemarker-2.3.32.jar;C:\Users\Admin\.m2\repository\org\projectlombok\lombok\1.18.26\lombok-1.18.26.jar;C:\Users\Admin\.m2\repository\com\google\code\gson\gson\2.10.1\gson-2.10.1.jar;C:\Users\Admin\.m2\repository\org\testng\testng\7.10.2\testng-7.10.2.jar;C:\Users\Admin\.m2\repository\org\slf4j\slf4j-api\1.7.36\slf4j-api-1.7.36.jar;C:\Users\Admin\.m2\repository\com\beust\jcommander\1.82\jcommander-1.82.jar;C:\Users\Admin\.m2\repository\org\webjars\jquery\3.7.1\jquery-3.7.1.jar;C:\Users\Admin\.m2\repository\org\seleniumhq\selenium\selenium-java\4.27.0\selenium-java-4.27.0.jar;C:\Users\Admin\.m2\repository\org\seleniumhq\selenium\selenium-api\4.27.0\selenium-api-4.27.0.jar;C:\Users\Admin\.m2\repository\org\jspecify\jspecify\1.0.0\jspecify-1.0.0.jar;C:\Users\Admin\.m2\repository\org\seleniumhq\selenium\selenium-chrome-driver\4.27.0\selenium-chrome-driver-4.27.0.jar;C:\Users\Admin\.m2\repository\com\google\auto\service\auto-service-annotations\1.1.1\auto-service-annotations-1.1.1.jar;C:\Users\Admin\.m2\repository\org\seleniumhq\selenium\selenium-chromium-driver\4.27.0\selenium-chromium-driver-4.27.0.jar;C:\Users\Admin\.m2\repository\org\seleniumhq\selenium\selenium-json\4.27.0\selenium-json-4.27.0.jar;C:\Users\Admin\.m2\repository\org\seleniumhq\selenium\selenium-manager\4.27.0\selenium-manager-4.27.0.jar;C:\Users\Admin\.m2\repository\org\seleniumhq\selenium\selenium-devtools-v129\4.27.0\selenium-devtools-v129-4.27.0.jar;C:\Users\Admin\.m2\repository\org\seleniumhq\selenium\selenium-devtools-v130\4.27.0\selenium-devtools-v130-4.27.0.jar;C:\Users\Admin\.m2\repository\org\seleniumhq\selenium\selenium-devtools-v131\4.27.0\selenium-devtools-v131-4.27.0.jar;C:\Users\Admin\.m2\repository\org\seleniumhq\selenium\selenium-devtools-v85\4.27.0\selenium-devtools-v85-4.27.0.jar;C:\Users\Admin\.m2\repository\org\seleniumhq\selenium\selenium-edge-driver\4.27.0\selenium-edge-driver-4.27.0.jar;C:\Users\Admin\.m2\repository\org\seleniumhq\selenium\selenium-firefox-driver\4.27.0\selenium-firefox-driver-4.27.0.jar;C:\Users\Admin\.m2\repository\org\seleniumhq\selenium\selenium-http\4.27.0\selenium-http-4.27.0.jar;C:\Users\Admin\.m2\repository\dev\failsafe\failsafe\3.3.2\failsafe-3.3.2.jar;C:\Users\Admin\.m2\repository\org\seleniumhq\selenium\selenium-ie-driver\4.27.0\selenium-ie-driver-4.27.0.jar;C:\Users\Admin\.m2\repository\org\seleniumhq\selenium\selenium-remote-driver\4.27.0\selenium-remote-driver-4.27.0.jar;C:\Users\Admin\.m2\repository\com\google\guava\guava\33.3.1-jre\guava-33.3.1-jre.jar;C:\Users\Admin\.m2\repository\com\google\guava\failureaccess\1.0.2\failureaccess-1.0.2.jar;C:\Users\Admin\.m2\repository\com\google\guava\listenablefuture\9999.0-empty-to-avoid-conflict-with-guava\listenablefuture-9999.0-empty-to-avoid-conflict-with-guava.jar;C:\Users\Admin\.m2\repository\com\google\code\findbugs\jsr305\3.0.2\jsr305-3.0.2.jar;C:\Users\Admin\.m2\repository\org\checkerframework\checker-qual\3.43.0\checker-qual-3.43.0.jar;C:\Users\Admin\.m2\repository\com\google\errorprone\error_prone_annotations\2.28.0\error_prone_annotations-2.28.0.jar;C:\Users\Admin\.m2\repository\com\google\j2objc\j2objc-annotations\3.0.0\j2objc-annotations-3.0.0.jar;C:\Users\Admin\.m2\repository\io\opentelemetry\semconv\opentelemetry-semconv\1.25.0-alpha\opentelemetry-semconv-1.25.0-alpha.jar;C:\Users\Admin\.m2\repository\io\opentelemetry\opentelemetry-api\1.44.1\opentelemetry-api-1.44.1.jar;C:\Users\Admin\.m2\repository\io\opentelemetry\opentelemetry-context\1.44.1\opentelemetry-context-1.44.1.jar;C:\Users\Admin\.m2\repository\io\opentelemetry\opentelemetry-exporter-logging\1.44.1\opentelemetry-exporter-logging-1.44.1.jar;C:\Users\Admin\.m2\repository\io\opentelemetry\opentelemetry-sdk-common\1.44.1\opentelemetry-sdk-common-1.44.1.jar;C:\Users\Admin\.m2\repository\io\opentelemetry\opentelemetry-sdk-extension-autoconfigure-spi\1.44.1\opentelemetry-sdk-extension-autoconfigure-spi-1.44.1.jar;C:\Users\Admin\.m2\repository\io\opentelemetry\opentelemetry-sdk-extension-autoconfigure\1.44.1\opentelemetry-sdk-extension-autoconfigure-1.44.1.jar;C:\Users\Admin\.m2\repository\io\opentelemetry\opentelemetry-api-incubator\1.44.1-alpha\opentelemetry-api-incubator-1.44.1-alpha.jar;C:\Users\Admin\.m2\repository\io\opentelemetry\opentelemetry-sdk-trace\1.44.1\opentelemetry-sdk-trace-1.44.1.jar;C:\Users\Admin\.m2\repository\io\opentelemetry\opentelemetry-sdk\1.44.1\opentelemetry-sdk-1.44.1.jar;C:\Users\Admin\.m2\repository\io\opentelemetry\opentelemetry-sdk-metrics\1.44.1\opentelemetry-sdk-metrics-1.44.1.jar;C:\Users\Admin\.m2\repository\io\opentelemetry\opentelemetry-sdk-logs\1.44.1\opentelemetry-sdk-logs-1.44.1.jar;C:\Users\Admin\.m2\repository\net\bytebuddy\byte-buddy\1.15.10\byte-buddy-1.15.10.jar;C:\Users\Admin\.m2\repository\org\seleniumhq\selenium\selenium-os\4.27.0\selenium-os-4.27.0.jar;C:\Users\Admin\.m2\repository\org\apache\commons\commons-exec\1.4.0\commons-exec-1.4.0.jar;C:\Users\Admin\.m2\repository\org\seleniumhq\selenium\selenium-safari-driver\4.27.0\selenium-safari-driver-4.27.0.jar;C:\Users\Admin\.m2\repository\org\seleniumhq\selenium\selenium-support\4.27.0\selenium-support-4.27.0.jar;C:\Users\Admin\.m2\repository\org\apache\poi\poi\5.3.0\poi-5.3.0.jar;C:\Users\Admin\.m2\repository\commons-codec\commons-codec\1.17.0\commons-codec-1.17.0.jar;C:\Users\Admin\.m2\repository\org\apache\commons\commons-collections4\4.4\commons-collections4-4.4.jar;C:\Users\Admin\.m2\repository\org\apache\commons\commons-math3\3.6.1\commons-math3-3.6.1.jar;C:\Users\Admin\.m2\repository\com\zaxxer\SparseBitSet\1.3\SparseBitSet-1.3.jar;C:\Users\Admin\.m2\repository\org\apache\poi\poi-ooxml\5.3.0\poi-ooxml-5.3.0.jar;C:\Users\Admin\.m2\repository\org\apache\poi\poi-ooxml-lite\5.3.0\poi-ooxml-lite-5.3.0.jar;C:\Users\Admin\.m2\repository\org\apache\xmlbeans\xmlbeans\5.2.1\xmlbeans-5.2.1.jar;C:\Users\Admin\.m2\repository\org\apache\commons\commons-compress\1.26.2\commons-compress-1.26.2.jar;C:\Users\Admin\.m2\repository\com\github\virtuald\curvesapi\1.08\curvesapi-1.08.jar;C:\Users\Admin\.m2\repository\commons-io\commons-io\2.18.0\commons-io-2.18.0.jar;C:\Users\Admin\.m2\repository\org\apache\commons\commons-lang3\3.17.0\commons-lang3-3.17.0.jar;C:\Users\Admin\.m2\repository\org\apache\logging\log4j\log4j-to-slf4j\2.17.2\log4j-to-slf4j-2.17.2.jar;C:\Users\Admin\.m2\repository\org\apache\logging\log4j\log4j-api\2.17.2\log4j-api-2.17.2.jar;C:\Users\Admin\.m2\repository\org\apache\commons\commons-email\1.6.0\commons-email-1.6.0.jar;C:\Users\Admin\.m2\repository\com\sun\mail\jakarta.mail\1.6.7\jakarta.mail-1.6.7.jar;C:\Users\Admin\.m2\repository\com\sun\activation\jakarta.activation\1.2.1\jakarta.activation-1.2.1.jar;"/>
    <property name="java.vm.vendor" value="Oracle Corporation"/>
    <property name="sun.arch.data.model" value="64"/>
    <property name="user.variant" value=""/>
    <property name="java.vendor.url" value="https://openjdk.java.net/"/>
    <property name="user.timezone" value="Asia/Calcutta"/>
    <property name="java.vm.specification.version" value="11"/>
    <property name="os.name" value="Windows 10"/>
    <property name="sun.java.launcher" value="SUN_STANDARD"/>
    <property name="user.country" value="IN"/>
    <property name="sun.boot.library.path" value="C:\Program Files\Java\jdk-11\bin"/>
    <property name="sun.java.command" value="C:\Users\Admin\AppData\Local\Temp\surefire2543148235149250535\surefirebooter-20241213210653763_3.jar C:\Users\Admin\AppData\Local\Temp\surefire2543148235149250535 2024-12-13T21-06-53_026-jvmRun1 surefire-20241213210653763_1tmp surefire_0-20241213210653763_2tmp"/>
    <property name="jdk.debug" value="release"/>
    <property name="surefire.test.class.path" value="C:\My Workspaces\SeleniumWebdriver\Opencart\target\test-classes;C:\My Workspaces\SeleniumWebdriver\Opencart\target\classes;C:\Users\Admin\.m2\repository\com\aventstack\extentreports\5.1.2\extentreports-5.1.2.jar;C:\Users\Admin\.m2\repository\io\reactivex\rxjava3\rxjava\3.1.6\rxjava-3.1.6.jar;C:\Users\Admin\.m2\repository\org\reactivestreams\reactive-streams\1.0.4\reactive-streams-1.0.4.jar;C:\Users\Admin\.m2\repository\org\freemarker\freemarker\2.3.32\freemarker-2.3.32.jar;C:\Users\Admin\.m2\repository\org\projectlombok\lombok\1.18.26\lombok-1.18.26.jar;C:\Users\Admin\.m2\repository\com\google\code\gson\gson\2.10.1\gson-2.10.1.jar;C:\Users\Admin\.m2\repository\org\testng\testng\7.10.2\testng-7.10.2.jar;C:\Users\Admin\.m2\repository\org\slf4j\slf4j-api\1.7.36\slf4j-api-1.7.36.jar;C:\Users\Admin\.m2\repository\com\beust\jcommander\1.82\jcommander-1.82.jar;C:\Users\Admin\.m2\repository\org\webjars\jquery\3.7.1\jquery-3.7.1.jar;C:\Users\Admin\.m2\repository\org\seleniumhq\selenium\selenium-java\4.27.0\selenium-java-4.27.0.jar;C:\Users\Admin\.m2\repository\org\seleniumhq\selenium\selenium-api\4.27.0\selenium-api-4.27.0.jar;C:\Users\Admin\.m2\repository\org\jspecify\jspecify\1.0.0\jspecify-1.0.0.jar;C:\Users\Admin\.m2\repository\org\seleniumhq\selenium\selenium-chrome-driver\4.27.0\selenium-chrome-driver-4.27.0.jar;C:\Users\Admin\.m2\repository\com\google\auto\service\auto-service-annotations\1.1.1\auto-service-annotations-1.1.1.jar;C:\Users\Admin\.m2\repository\org\seleniumhq\selenium\selenium-chromium-driver\4.27.0\selenium-chromium-driver-4.27.0.jar;C:\Users\Admin\.m2\repository\org\seleniumhq\selenium\selenium-json\4.27.0\selenium-json-4.27.0.jar;C:\Users\Admin\.m2\repository\org\seleniumhq\selenium\selenium-manager\4.27.0\selenium-manager-4.27.0.jar;C:\Users\Admin\.m2\repository\org\seleniumhq\selenium\selenium-devtools-v129\4.27.0\selenium-devtools-v129-4.27.0.jar;C:\Users\Admin\.m2\repository\org\seleniumhq\selenium\selenium-devtools-v130\4.27.0\selenium-devtools-v130-4.27.0.jar;C:\Users\Admin\.m2\repository\org\seleniumhq\selenium\selenium-devtools-v131\4.27.0\selenium-devtools-v131-4.27.0.jar;C:\Users\Admin\.m2\repository\org\seleniumhq\selenium\selenium-devtools-v85\4.27.0\selenium-devtools-v85-4.27.0.jar;C:\Users\Admin\.m2\repository\org\seleniumhq\selenium\selenium-edge-driver\4.27.0\selenium-edge-driver-4.27.0.jar;C:\Users\Admin\.m2\repository\org\seleniumhq\selenium\selenium-firefox-driver\4.27.0\selenium-firefox-driver-4.27.0.jar;C:\Users\Admin\.m2\repository\org\seleniumhq\selenium\selenium-http\4.27.0\selenium-http-4.27.0.jar;C:\Users\Admin\.m2\repository\dev\failsafe\failsafe\3.3.2\failsafe-3.3.2.jar;C:\Users\Admin\.m2\repository\org\seleniumhq\selenium\selenium-ie-driver\4.27.0\selenium-ie-driver-4.27.0.jar;C:\Users\Admin\.m2\repository\org\seleniumhq\selenium\selenium-remote-driver\4.27.0\selenium-remote-driver-4.27.0.jar;C:\Users\Admin\.m2\repository\com\google\guava\guava\33.3.1-jre\guava-33.3.1-jre.jar;C:\Users\Admin\.m2\repository\com\google\guava\failureaccess\1.0.2\failureaccess-1.0.2.jar;C:\Users\Admin\.m2\repository\com\google\guava\listenablefuture\9999.0-empty-to-avoid-conflict-with-guava\listenablefuture-9999.0-empty-to-avoid-conflict-with-guava.jar;C:\Users\Admin\.m2\repository\com\google\code\findbugs\jsr305\3.0.2\jsr305-3.0.2.jar;C:\Users\Admin\.m2\repository\org\checkerframework\checker-qual\3.43.0\checker-qual-3.43.0.jar;C:\Users\Admin\.m2\repository\com\google\errorprone\error_prone_annotations\2.28.0\error_prone_annotations-2.28.0.jar;C:\Users\Admin\.m2\repository\com\google\j2objc\j2objc-annotations\3.0.0\j2objc-annotations-3.0.0.jar;C:\Users\Admin\.m2\repository\io\opentelemetry\semconv\opentelemetry-semconv\1.25.0-alpha\opentelemetry-semconv-1.25.0-alpha.jar;C:\Users\Admin\.m2\repository\io\opentelemetry\opentelemetry-api\1.44.1\opentelemetry-api-1.44.1.jar;C:\Users\Admin\.m2\repository\io\opentelemetry\opentelemetry-context\1.44.1\opentelemetry-context-1.44.1.jar;C:\Users\Admin\.m2\repository\io\opentelemetry\opentelemetry-exporter-logging\1.44.1\opentelemetry-exporter-logging-1.44.1.jar;C:\Users\Admin\.m2\repository\io\opentelemetry\opentelemetry-sdk-common\1.44.1\opentelemetry-sdk-common-1.44.1.jar;C:\Users\Admin\.m2\repository\io\opentelemetry\opentelemetry-sdk-extension-autoconfigure-spi\1.44.1\opentelemetry-sdk-extension-autoconfigure-spi-1.44.1.jar;C:\Users\Admin\.m2\repository\io\opentelemetry\opentelemetry-sdk-extension-autoconfigure\1.44.1\opentelemetry-sdk-extension-autoconfigure-1.44.1.jar;C:\Users\Admin\.m2\repository\io\opentelemetry\opentelemetry-api-incubator\1.44.1-alpha\opentelemetry-api-incubator-1.44.1-alpha.jar;C:\Users\Admin\.m2\repository\io\opentelemetry\opentelemetry-sdk-trace\1.44.1\opentelemetry-sdk-trace-1.44.1.jar;C:\Users\Admin\.m2\repository\io\opentelemetry\opentelemetry-sdk\1.44.1\opentelemetry-sdk-1.44.1.jar;C:\Users\Admin\.m2\repository\io\opentelemetry\opentelemetry-sdk-metrics\1.44.1\opentelemetry-sdk-metrics-1.44.1.jar;C:\Users\Admin\.m2\repository\io\opentelemetry\opentelemetry-sdk-logs\1.44.1\opentelemetry-sdk-logs-1.44.1.jar;C:\Users\Admin\.m2\repository\net\bytebuddy\byte-buddy\1.15.10\byte-buddy-1.15.10.jar;C:\Users\Admin\.m2\repository\org\seleniumhq\selenium\selenium-os\4.27.0\selenium-os-4.27.0.jar;C:\Users\Admin\.m2\repository\org\apache\commons\commons-exec\1.4.0\commons-exec-1.4.0.jar;C:\Users\Admin\.m2\repository\org\seleniumhq\selenium\selenium-safari-driver\4.27.0\selenium-safari-driver-4.27.0.jar;C:\Users\Admin\.m2\repository\org\seleniumhq\selenium\selenium-support\4.27.0\selenium-support-4.27.0.jar;C:\Users\Admin\.m2\repository\org\apache\poi\poi\5.3.0\poi-5.3.0.jar;C:\Users\Admin\.m2\repository\commons-codec\commons-codec\1.17.0\commons-codec-1.17.0.jar;C:\Users\Admin\.m2\repository\org\apache\commons\commons-collections4\4.4\commons-collections4-4.4.jar;C:\Users\Admin\.m2\repository\org\apache\commons\commons-math3\3.6.1\commons-math3-3.6.1.jar;C:\Users\Admin\.m2\repository\com\zaxxer\SparseBitSet\1.3\SparseBitSet-1.3.jar;C:\Users\Admin\.m2\repository\org\apache\poi\poi-ooxml\5.3.0\poi-ooxml-5.3.0.jar;C:\Users\Admin\.m2\repository\org\apache\poi\poi-ooxml-lite\5.3.0\poi-ooxml-lite-5.3.0.jar;C:\Users\Admin\.m2\repository\org\apache\xmlbeans\xmlbeans\5.2.1\xmlbeans-5.2.1.jar;C:\Users\Admin\.m2\repository\org\apache\commons\commons-compress\1.26.2\commons-compress-1.26.2.jar;C:\Users\Admin\.m2\repository\com\github\virtuald\curvesapi\1.08\curvesapi-1.08.jar;C:\Users\Admin\.m2\repository\commons-io\commons-io\2.18.0\commons-io-2.18.0.jar;C:\Users\Admin\.m2\repository\org\apache\commons\commons-lang3\3.17.0\commons-lang3-3.17.0.jar;C:\Users\Admin\.m2\repository\org\apache\logging\log4j\log4j-to-slf4j\2.17.2\log4j-to-slf4j-2.17.2.jar;C:\Users\Admin\.m2\repository\org\apache\logging\log4j\log4j-api\2.17.2\log4j-api-2.17.2.jar;C:\Users\Admin\.m2\repository\org\apache\commons\commons-email\1.6.0\commons-email-1.6.0.jar;C:\Users\Admin\.m2\repository\com\sun\mail\jakarta.mail\1.6.7\jakarta.mail-1.6.7.jar;C:\Users\Admin\.m2\repository\com\sun\activation\jakarta.activation\1.2.1\jakarta.activation-1.2.1.jar;"/>
    <property name="sun.cpu.endian" value="little"/>
    <property name="user.home" value="C:\Users\Admin"/>
    <property name="user.language" value="en"/>
    <property name="java.specification.vendor" value="Oracle Corporation"/>
    <property name="java.version.date" value="2024-01-16"/>
    <property name="java.home" value="C:\Program Files\Java\jdk-11"/>
    <property name="file.separator" value="\"/>
    <property name="basedir" value="C:\My Workspaces\SeleniumWebdriver\Opencart"/>
    <property name="java.vm.compressedOopsMode" value="32-bit"/>
    <property name="line.separator" value="&#10;"/>
    <property name="java.specification.name" value="Java Platform API Specification"/>
    <property name="java.vm.specification.vendor" value="Oracle Corporation"/>
    <property name="java.awt.graphicsenv" value="sun.awt.Win32GraphicsEnvironment"/>
    <property name="surefire.real.class.path" value="C:\Users\Admin\AppData\Local\Temp\surefire2543148235149250535\surefirebooter-20241213210653763_3.jar"/>
    <property name="user.script" value=""/>
    <property name="sun.management.compiler" value="HotSpot 64-Bit Tiered Compilers"/>
    <property name="java.runtime.version" value="11.0.22+9-LTS-219"/>
    <property name="user.name" value="Admin"/>
    <property name="path.separator" value=";"/>
    <property name="os.version" value="10.0"/>
    <property name="java.runtime.name" value="Java(TM) SE Runtime Environment"/>
    <property name="file.encoding" value="Cp1252"/>
    <property name="java.vm.name" value="Java HotSpot(TM) 64-Bit Server VM"/>
    <property name="java.vendor.version" value="18.9"/>
    <property name="localRepository" value="C:\Users\Admin\.m2\repository"/>
    <property name="java.vendor.url.bug" value="https://bugreport.java.com/bugreport/"/>
    <property name="java.io.tmpdir" value="C:\Users\Admin\AppData\Local\Temp\"/>
    <property name="java.version" value="11.0.22"/>
    <property name="user.dir" value="C:\My Workspaces\SeleniumWebdriver\Opencart"/>
    <property name="os.arch" value="amd64"/>
    <property name="java.vm.specification.name" value="Java Virtual Machine Specification"/>
    <property name="java.awt.printerjob" value="sun.awt.windows.WPrinterJob"/>
    <property name="sun.os.patch.level" value=""/>
    <property name="java.library.path" value="C:\Program Files\Java\jdk-11\bin;C:\WINDOWS\Sun\Java\bin;C:\WINDOWS\system32;C:\WINDOWS;D:\App\oracale_db\bin;C:\Program Files\Common Files\Oracle\Java\javapath;C:\Program Files (x86)\Common Files\Oracle\Java\javapath;C:\WINDOWS\system32;C:\WINDOWS;C:\WINDOWS\System32\Wbem;C:\WINDOWS\System32\WindowsPowerShell\v1.0\;C:\WINDOWS\System32\OpenSSH\;C:\gradle-8.5-bin\gradle-8.5\bin;C:\Program Files\Docker\Docker\resources\bin;C:\Program Files\Redis;C:\Program Files\Kubernetes\Minikube;C:\ProgramData\chocolatey\bin;C:\Program Files\Amazon\AWSCLIV2\;C:\Program Files\nodejs\node_modules\;C:\Program Files\nodejs\;C:\apache-maven-3.9.9\bin;C:\Program Files\Git\cmd;C:\Program Files\apache-maven-3.9.9\bin;C:\Users\Admin\AppData\Local\Programs\Python\Launcher\;C:\Program Files\MySQL\MySQL Shell 8.0\bin\;C:\Users\Admin\AppData\Local\Microsoft\WindowsApps;C:\Users\Admin\AppData\Local\Programs\Microsoft VS Code\bin;C:\gradle-8.5-bin\gradle-8.5\bin;C:\Program Files\MongoDB\Server\7.0\bin;C:\Program Files\Java\jdk-11\bin;C:\Users\Admin\AppData\Local\Microsoft\WinGet\Packages\Schniz.fnm_Microsoft.Winget.Source_8wekyb3d8bbwe;C:\Users\Admin\AppData\Roaming\npm;."/>
    <property name="java.vendor" value="Oracle Corporation"/>
    <property name="java.vm.info" value="mixed mode"/>
    <property name="java.vm.version" value="11.0.22+9-LTS-219"/>
    <property name="java.specification.maintenance.version" value="2"/>
    <property name="sun.io.unicode.encoding" value="UnicodeLittle"/>
    <property name="java.class.version" value="55.0"/>
  </properties>
  <testcase name="verify_account_regisration" classname="testCases.TC001_AccountRegistrationTest" time="3.875">
    <system-err><![CDATA[SLF4J: Failed to load class "org.slf4j.impl.StaticLoggerBinder".
SLF4J: Defaulting to no-operation (NOP) logger implementation
SLF4J: See http://www.slf4j.org/codes.html#StaticLoggerBinder for further details.
]]></system-err>
  </testcase>
  <testcase name="verify_login" classname="testCases.TC002_LoginTest" time="7.629"/>
</testsuite>