<?xml version="1.0" encoding="UTF-8"?>
<!-- Generated by org.testng.reporters.JUnitReportReporter -->
<testsuite hostname="DESKTOP-U376SH8" failures="0" tests="1" name="testCases.TC001_AccountRegistrationTest" time="3.471" errors="0" timestamp="2024-12-07T18:19:40 IST" skipped="0">
  <testcase classname="testCases.TC001_AccountRegistrationTest" name="verify_account_regisration" time="3.471"/>
  <system-out/>
</testsuite> <!-- testCases.TC001_AccountRegistrationTest -->
