<?xml version="1.0" encoding="UTF-8"?>
<!-- Generated by org.testng.reporters.JUnitReportReporter -->
<testsuite hostname="DESKTOP-U376SH8" failures="0" tests="1" name="testCases.TC001_AccountRegistrationTest" time="3.840" errors="0" timestamp="2024-12-13T21:07:27 IST" skipped="0">
  <testcase classname="testCases.TC001_AccountRegistrationTest" name="verify_account_regisration" time="3.840"/>
</testsuite> <!-- testCases.TC001_AccountRegistrationTest -->
