<?xml version="1.0" encoding="UTF-8"?>
<!-- Generated by org.testng.reporters.JUnitReportReporter -->
<testsuite hostname="DESKTOP-U376SH8" failures="0" tests="1" name="testCases.TC002_LoginTest" time="7.626" errors="0" timestamp="2024-12-13T21:07:28 IST" skipped="0">
  <testcase classname="testCases.TC002_LoginTest" name="verify_login" time="7.626"/>
</testsuite> <!-- testCases.TC002_LoginTest -->
